<?xml version="1.0" encoding="UTF-8"?>
<!-- Generated by org.testng.reporters.JUnitXMLReporter -->
<testsuite ignored="0" hostname="DESKTOP-3J0RF5E" failures="0" tests="2" name="Banking App" time="29.509" errors="0" timestamp="21 Mar 2019 21:05:54 GMT">
  <testcase classname="com.inetBankingV1.testcase.TC_LoginTest_001" name="loginTest" time="8.331"/>
  <testcase classname="com.inetBankingV1.testcase.TC_AddNewAccount_002" name="addingNewAccounts" time="13.224"/>
</testsuite> <!-- Banking App -->
