<?xml version="1.0" encoding="UTF-8"?>
<testng-results ignored="0" total="2" passed="2" failed="0" skipped="0">
  <reporter-output>
  </reporter-output>
  <suite started-at="2019-03-21T21:05:24Z" name="inetBankingV1" finished-at="2019-03-21T21:05:54Z" duration-ms="29509">
    <groups>
    </groups>
    <test started-at="2019-03-21T21:05:24Z" name="Banking App" finished-at="2019-03-21T21:05:54Z" duration-ms="29509">
      <class name="com.inetBankingV1.testcase.TC_AddNewAccount_002">
        <test-method is-config="true" signature="setup()[pri:0, instance:com.inetBankingV1.testcase.TC_AddNewAccount_002@e5533da]" started-at="2019-03-21T21:05:38Z" name="setup" finished-at="2019-03-21T21:05:41Z" duration-ms="2567" status="PASS">
          <reporter-output>
          </reporter-output>
        </test-method> <!-- setup -->
        <test-method signature="addingNewAccounts()[pri:0, instance:com.inetBankingV1.testcase.TC_AddNewAccount_002@e5533da]" started-at="2019-03-21T21:05:41Z" name="addingNewAccounts" finished-at="2019-03-21T21:05:54Z" duration-ms="13224" status="PASS">
          <reporter-output>
          </reporter-output>
        </test-method> <!-- addingNewAccounts -->
        <test-method is-config="true" signature="teardown()[pri:0, instance:com.inetBankingV1.testcase.TC_AddNewAccount_002@e5533da]" started-at="2019-03-21T21:05:54Z" name="teardown" finished-at="2019-03-21T21:05:54Z" duration-ms="0" status="PASS">
          <reporter-output>
          </reporter-output>
        </test-method> <!-- teardown -->
      </class> <!-- com.inetBankingV1.testcase.TC_AddNewAccount_002 -->
      <class name="com.inetBankingV1.testcase.TC_LoginTest_001">
        <test-method is-config="true" signature="setup()[pri:0, instance:com.inetBankingV1.testcase.TC_LoginTest_001@90a0a23]" started-at="2019-03-21T21:05:24Z" name="setup" finished-at="2019-03-21T21:05:30Z" duration-ms="5360" status="PASS">
          <reporter-output>
          </reporter-output>
        </test-method> <!-- setup -->
        <test-method signature="loginTest()[pri:0, instance:com.inetBankingV1.testcase.TC_LoginTest_001@90a0a23]" started-at="2019-03-21T21:05:30Z" name="loginTest" finished-at="2019-03-21T21:05:38Z" duration-ms="8331" status="PASS">
          <reporter-output>
          </reporter-output>
        </test-method> <!-- loginTest -->
        <test-method is-config="true" signature="teardown()[pri:0, instance:com.inetBankingV1.testcase.TC_LoginTest_001@90a0a23]" started-at="2019-03-21T21:05:38Z" name="teardown" finished-at="2019-03-21T21:05:38Z" duration-ms="1" status="PASS">
          <reporter-output>
          </reporter-output>
        </test-method> <!-- teardown -->
      </class> <!-- com.inetBankingV1.testcase.TC_LoginTest_001 -->
    </test> <!-- Banking App -->
  </suite> <!-- inetBankingV1 -->
</testng-results>
