<?xml version="1.0" encoding="UTF-8"?>
<testng-results ignored="0" total="2" passed="2" failed="0" skipped="0">
  <reporter-output>
  </reporter-output>
  <suite started-at="2019-03-20T21:57:06Z" name="inetBankingV1" finished-at="2019-03-20T21:57:31Z" duration-ms="25521">
    <groups>
    </groups>
    <test started-at="2019-03-20T21:57:06Z" name="Banking App" finished-at="2019-03-20T21:57:31Z" duration-ms="25521">
      <class name="com.inetBankingV1.testcase.TC_AddNewAccount_002">
        <test-method is-config="true" signature="setup()[pri:0, instance:com.inetBankingV1.testcase.TC_AddNewAccount_002@a1cdc6d]" started-at="2019-03-20T21:57:17Z" name="setup" finished-at="2019-03-20T21:57:19Z" duration-ms="2659" status="PASS">
          <reporter-output>
          </reporter-output>
        </test-method> <!-- setup -->
        <test-method signature="addingNewAccounts()[pri:0, instance:com.inetBankingV1.testcase.TC_AddNewAccount_002@a1cdc6d]" started-at="2019-03-20T21:57:19Z" name="addingNewAccounts" finished-at="2019-03-20T21:57:31Z" duration-ms="12297" status="PASS">
          <reporter-output>
          </reporter-output>
        </test-method> <!-- addingNewAccounts -->
        <test-method is-config="true" signature="teardown()[pri:0, instance:com.inetBankingV1.testcase.TC_AddNewAccount_002@a1cdc6d]" started-at="2019-03-20T21:57:31Z" name="teardown" finished-at="2019-03-20T21:57:31Z" duration-ms="0" status="PASS">
          <reporter-output>
          </reporter-output>
        </test-method> <!-- teardown -->
      </class> <!-- com.inetBankingV1.testcase.TC_AddNewAccount_002 -->
      <class name="com.inetBankingV1.testcase.TC_LoginTest_001">
        <test-method is-config="true" signature="setup()[pri:0, instance:com.inetBankingV1.testcase.TC_LoginTest_001@623a8092]" started-at="2019-03-20T21:57:06Z" name="setup" finished-at="2019-03-20T21:57:09Z" duration-ms="3451" status="PASS">
          <reporter-output>
          </reporter-output>
        </test-method> <!-- setup -->
        <test-method signature="loginTest()[pri:0, instance:com.inetBankingV1.testcase.TC_LoginTest_001@623a8092]" started-at="2019-03-20T21:57:09Z" name="loginTest" finished-at="2019-03-20T21:57:17Z" duration-ms="7089" status="PASS">
          <reporter-output>
          </reporter-output>
        </test-method> <!-- loginTest -->
        <test-method is-config="true" signature="teardown()[pri:0, instance:com.inetBankingV1.testcase.TC_LoginTest_001@623a8092]" started-at="2019-03-20T21:57:17Z" name="teardown" finished-at="2019-03-20T21:57:17Z" duration-ms="0" status="PASS">
          <reporter-output>
          </reporter-output>
        </test-method> <!-- teardown -->
      </class> <!-- com.inetBankingV1.testcase.TC_LoginTest_001 -->
    </test> <!-- Banking App -->
  </suite> <!-- inetBankingV1 -->
</testng-results>
